<?xml version="1.0" encoding="UTF-8"?>
<testng-results skipped="0" failed="0" ignored="0" total="1" passed="1">
  <reporter-output>
  </reporter-output>
  <suite name="Default suite" duration-ms="23496" started-at="2021-01-29T20:28:01 IST" finished-at="2021-01-29T20:28:24 IST">
    <groups>
    </groups>
    <test name="Default test" duration-ms="23496" started-at="2021-01-29T20:28:01 IST" finished-at="2021-01-29T20:28:24 IST">
      <class name="GetLeftBarTitle">
        <test-method status="PASS" signature="LeftBarAndTitle()[pri:0, instance:GetLeftBarTitle@6737fd8f]" name="LeftBarAndTitle" duration-ms="23456" started-at="2021-01-29T20:28:01 IST" finished-at="2021-01-29T20:28:24 IST">
          <reporter-output>
          </reporter-output>
        </test-method> <!-- LeftBarAndTitle -->
      </class> <!-- GetLeftBarTitle -->
    </test> <!-- Default test -->
  </suite> <!-- Default suite -->
</testng-results>
