<?xml version="1.0" encoding="UTF-8"?>
<testng-results skipped="0" failed="0" ignored="0" total="1" passed="1">
  <reporter-output>
  </reporter-output>
  <suite name="Default suite" duration-ms="35072" started-at="2021-01-29T19:14:51 IST" finished-at="2021-01-29T19:15:26 IST">
    <groups>
    </groups>
    <test name="Default test" duration-ms="35072" started-at="2021-01-29T19:14:51 IST" finished-at="2021-01-29T19:15:26 IST">
      <class name="Expense">
        <test-method status="PASS" signature="ClickOnExpense()[pri:0, instance:Expense@6737fd8f]" name="ClickOnExpense" duration-ms="35040" started-at="2021-01-29T19:14:51 IST" finished-at="2021-01-29T19:15:26 IST">
          <reporter-output>
          </reporter-output>
        </test-method> <!-- ClickOnExpense -->
      </class> <!-- Expense -->
    </test> <!-- Default test -->
  </suite> <!-- Default suite -->
</testng-results>
